Build started 11/4/2024 3:12:43 PM.
     1>Project "D:\GAME\GameSdl\GameSdl\GameSdl.vcxproj" on node 2 (Build target(s)).
     1>ClCompile:
         C:\Program Files (x86)\Microsoft Visual Studio 11.0\VC\bin\CL.exe /c /ID:\GAME\GameSdl\sdl_lib\SDL2_ttf_2_0_11\include /ID:\GAME\GameSdl\sdl_lib\SDL_mixer_1_2_12\include /ID:\GAME\GameSdl\sdl_lib\SDL_image_1_2_4\include /ID:\GAME\GameSdl\sdl_lib\SDL_1_2_15\include /ZI /nologo /W3 /WX- /sdl /Od /Oy- /D WIN32 /D _DEBUG /D _CONSOLE /D _UNICODE /D UNICODE /Gm /EHsc /RTC1 /MDd /GS /fp:precise /Zc:wchar_t /Zc:forScope /Yc"stdafx.h" /Fp"Debug\AIR BATTLE.pch" /Fo"Debug\\" /Fd"Debug\vc110.pdb" /Gd /TP /analyze- /errorReport:prompt stdafx.cpp
         stdafx.cpp
         C:\Program Files (x86)\Microsoft Visual Studio 11.0\VC\bin\CL.exe /c /ID:\GAME\GameSdl\sdl_lib\SDL2_ttf_2_0_11\include /ID:\GAME\GameSdl\sdl_lib\SDL_mixer_1_2_12\include /ID:\GAME\GameSdl\sdl_lib\SDL_image_1_2_4\include /ID:\GAME\GameSdl\sdl_lib\SDL_1_2_15\include /ZI /nologo /W3 /WX- /sdl /Od /Oy- /D WIN32 /D _DEBUG /D _CONSOLE /D _UNICODE /D UNICODE /Gm /EHsc /RTC1 /MDd /GS /fp:precise /Zc:wchar_t /Zc:forScope /Yu"stdafx.h" /Fp"Debug\AIR BATTLE.pch" /Fo"Debug\\" /Fd"Debug\vc110.pdb" /Gd /TP /analyze- /errorReport:prompt BaseObject.cpp BulletObject.cpp Common_Function.cpp ExplosionObject.cpp HP.cpp MainObject.cpp TextObject.cpp ThreatObject.cpp main.cpp
         main.cpp
     1>d:\game\gamesdl\gamesdl\main.cpp(110): warning C4244: '=' : conversion from 'double' to 'int', possible loss of data
     1>d:\game\gamesdl\gamesdl\main.cpp(153): warning C4244: 'argument' : conversion from 'double' to 'int', possible loss of data
     1>d:\game\gamesdl\gamesdl\main.cpp(157): warning C4244: 'argument' : conversion from 'double' to 'int', possible loss of data
     1>d:\game\gamesdl\gamesdl\main.cpp(184): warning C4018: '<' : signed/unsigned mismatch
     1>d:\game\gamesdl\gamesdl\main.cpp(203): warning C4244: 'initializing' : conversion from 'double' to 'int', possible loss of data
     1>d:\game\gamesdl\gamesdl\main.cpp(204): warning C4244: 'initializing' : conversion from 'double' to 'int', possible loss of data
     1>d:\game\gamesdl\gamesdl\main.cpp(249): warning C4018: '<' : signed/unsigned mismatch
     1>d:\game\gamesdl\gamesdl\main.cpp(256): warning C4244: 'initializing' : conversion from 'double' to 'int', possible loss of data
     1>d:\game\gamesdl\gamesdl\main.cpp(257): warning C4244: 'initializing' : conversion from 'double' to 'int', possible loss of data
         ThreatObject.cpp
     1>d:\game\gamesdl\gamesdl\threatobject.cpp(7): warning C4244: '=' : conversion from 'double' to 'Sint16', possible loss of data
     1>d:\game\gamesdl\gamesdl\threatobject.cpp(19): warning C4018: '<' : signed/unsigned mismatch
     1>d:\game\gamesdl\gamesdl\threatobject.cpp(39): warning C4244: 'argument' : conversion from 'double' to 'const int', possible loss of data
     1>d:\game\gamesdl\gamesdl\threatobject.cpp(47): warning C4018: '<' : signed/unsigned mismatch
     1>d:\game\gamesdl\gamesdl\threatobject.cpp(57): warning C4244: 'argument' : conversion from 'double' to 'const int', possible loss of data
     1>d:\game\gamesdl\gamesdl\threatobject.cpp(75): warning C4244: '=' : conversion from 'double' to 'int', possible loss of data
     1>d:\game\gamesdl\gamesdl\threatobject.cpp(92): warning C4244: '=' : conversion from 'double' to 'int', possible loss of data
     1>d:\game\gamesdl\gamesdl\threatobject.cpp(95): warning C4018: '<' : signed/unsigned mismatch
     1>d:\game\gamesdl\gamesdl\threatobject.cpp(104): warning C4244: 'argument' : conversion from 'double' to 'const int', possible loss of data
         TextObject.cpp
         MainObject.cpp
     1>d:\game\gamesdl\gamesdl\mainobject.cpp(42): warning C4244: 'argument' : conversion from 'double' to 'const int', possible loss of data
     1>d:\game\gamesdl\gamesdl\mainobject.cpp(53): warning C4244: 'argument' : conversion from 'double' to 'const int', possible loss of data
     1>d:\game\gamesdl\gamesdl\mainobject.cpp(102): warning C4018: '<' : signed/unsigned mismatch
     1>d:\game\gamesdl\gamesdl\mainobject.cpp(136): warning C4018: '<' : signed/unsigned mismatch
     1>d:\game\gamesdl\gamesdl\mainobject.cpp(137): warning C4018: '<' : signed/unsigned mismatch
         HP.cpp
     1>d:\game\gamesdl\gamesdl\hp.cpp(17): warning C4018: '<' : signed/unsigned mismatch
         ExplosionObject.cpp
         Common_Function.cpp
         BulletObject.cpp
         BaseObject.cpp
         Generating Code...
       Link:
         C:\Program Files (x86)\Microsoft Visual Studio 11.0\VC\bin\link.exe /ERRORREPORT:PROMPT /OUT:"D:\GAME\GameSdl\Debug\AIR BATTLE.exe" /INCREMENTAL /NOLOGO /LIBPATH:D:\GAME\GameSdl\sdl_lib\SDL2_ttf_2_0_11\lib\x86 /LIBPATH:D:\GAME\GameSdl\sdl_lib\SDL_mixer_1_2_12\lib\x86 /LIBPATH:D:\GAME\GameSdl\sdl_lib\SDL_image_1_2_4\lib /LIBPATH:D:\GAME\GameSdl\sdl_lib\SDL_1_2_15\lib\x86 SDL.lib SDLmain.lib SDL_image.lib SDL_mixer.lib SDL_ttf.lib kernel32.lib user32.lib gdi32.lib winspool.lib comdlg32.lib advapi32.lib shell32.lib ole32.lib oleaut32.lib uuid.lib odbc32.lib odbccp32.lib /MANIFEST /MANIFESTUAC:"level='asInvoker' uiAccess='false'" /manifest:embed /DEBUG /PDB:"D:\GAME\GameSdl\Debug\AIR BATTLE.pdb" /SUBSYSTEM:CONSOLE /TLBID:1 /DYNAMICBASE /NXCOMPAT /IMPLIB:"D:\GAME\GameSdl\Debug\AIR BATTLE.lib" /MACHINE:X86 Debug\BaseObject.obj
         Debug\BulletObject.obj
         Debug\Common_Function.obj
         Debug\ExplosionObject.obj
         Debug\HP.obj
         Debug\main.obj
         Debug\MainObject.obj
         Debug\stdafx.obj
         Debug\TextObject.obj
         Debug\ThreatObject.obj
         GameSdl.vcxproj -> D:\GAME\GameSdl\Debug\AIR BATTLE.exe
     1>Done Building Project "D:\GAME\GameSdl\GameSdl\GameSdl.vcxproj" (Build target(s)).

Build succeeded.

Time Elapsed 00:00:02.93
